INFO 2020-11-08 14:31:53,394 root : Сервер доступний. Час на сервері: test1
INFO 2020-11-08 14:31:53,397 root : Запитувана сторінка: : test2
INFO 2020-11-08 14:31:53,397 root : Відповідь сервера місти наступні поля:
INFO 2020-11-08 14:31:53,397 root : Ключ: date, Значення: test1
INFO 2020-11-08 14:31:53,397 root : Ключ: current_page, Значення: test2
INFO 2020-11-08 14:31:53,398 root : Ключ: server_info, Значення: test3
INFO 2020-11-08 14:31:53,398 root : Ключ: client_info, Значення: test4
ERROR 2020-11-08 17:54:06,879 root : Помилка доступу до сервера
ERROR 2020-11-08 17:54:06,888 root : Помилка доступу до сервера
ERROR 2020-11-08 17:54:06,898 root : Помилка доступу до сервера
ERROR 2020-11-08 17:54:06,906 root : Помилка доступу до сервера
ERROR 2020-11-08 17:54:06,916 root : Помилка доступу до сервера
INFO 2020-11-08 19:05:44,031 root : Сервер доступний. Час на сервері: 08/11/2020 17:05:44
INFO 2020-11-08 19:05:44,032 root : Запитувана сторінка: : http://localhost:8000/health/
INFO 2020-11-08 19:05:44,032 root : Відповідь сервера місти наступні поля:
INFO 2020-11-08 19:05:44,032 root : Ключ: date, Значення: 08/11/2020 17:05:44
INFO 2020-11-08 19:05:44,032 root : Ключ: current_page, Значення: http://localhost:8000/health/
INFO 2020-11-08 19:05:44,032 root : Ключ: server_info, Значення: ['Linux', 'julia-VirtualBox', '5.4.0-52-generic', '#57-Ubuntu SMP Thu Oct 15 10:57:00 UTC 2020', 'x86_64']
INFO 2020-11-08 19:05:44,033 root : Ключ: client_info, Значення: python-requests/2.22.0
INFO 2020-11-08 19:21:03,824 root : Сервер доступний. Час на сервері: 08/11/2020 17:21:03
INFO 2020-11-08 19:21:03,827 root : Запитувана сторінка: : http://localhost:8000/health/
INFO 2020-11-08 19:21:03,827 root : Відповідь сервера місти наступні поля:
INFO 2020-11-08 19:21:03,827 root : Ключ: date, Значення: 08/11/2020 17:21:03
INFO 2020-11-08 19:21:03,827 root : Ключ: current_page, Значення: http://localhost:8000/health/
INFO 2020-11-08 19:21:03,828 root : Ключ: server_info, Значення: ['Linux', 'julia-VirtualBox', '5.4.0-52-generic', '#57-Ubuntu SMP Thu Oct 15 10:57:00 UTC 2020', 'x86_64']
INFO 2020-11-08 19:21:03,828 root : Ключ: client_info, Значення: python-requests/2.22.0
INFO 2020-11-08 19:22:04,015 root : Сервер доступний. Час на сервері: 08/11/2020 17:22:03
INFO 2020-11-08 19:22:04,041 root : Запитувана сторінка: : http://localhost:8000/health/
INFO 2020-11-08 19:22:04,041 root : Відповідь сервера місти наступні поля:
INFO 2020-11-08 19:22:04,041 root : Ключ: date, Значення: 08/11/2020 17:22:03
INFO 2020-11-08 19:22:04,042 root : Ключ: current_page, Значення: http://localhost:8000/health/
INFO 2020-11-08 19:22:04,046 root : Ключ: server_info, Значення: ['Linux', 'julia-VirtualBox', '5.4.0-52-generic', '#57-Ubuntu SMP Thu Oct 15 10:57:00 UTC 2020', 'x86_64']
INFO 2020-11-08 19:22:04,046 root : Ключ: client_info, Значення: python-requests/2.22.0
INFO 2020-11-08 19:23:04,175 root : Сервер доступний. Час на сервері: 08/11/2020 17:23:04
INFO 2020-11-08 19:23:04,178 root : Запитувана сторінка: : http://localhost:8000/health/
INFO 2020-11-08 19:23:04,178 root : Відповідь сервера місти наступні поля:
INFO 2020-11-08 19:23:04,178 root : Ключ: date, Значення: 08/11/2020 17:23:04
INFO 2020-11-08 19:23:04,178 root : Ключ: current_page, Значення: http://localhost:8000/health/
INFO 2020-11-08 19:23:04,179 root : Ключ: server_info, Значення: ['Linux', 'julia-VirtualBox', '5.4.0-52-generic', '#57-Ubuntu SMP Thu Oct 15 10:57:00 UTC 2020', 'x86_64']
INFO 2020-11-08 19:23:04,179 root : Ключ: client_info, Значення: python-requests/2.22.0
